<?xml version="1.0" encoding="UTF-8"?>
<!-- Generated by org.testng.reporters.JUnitReportReporter -->
<testsuite hostname="mohammadh0901" failures="0" tests="1" name="pagesTest.RmaAccountingTest" time="29.168" errors="0" timestamp="2025-01-20T18:07:32 EST" skipped="0">
  <testcase classname="pagesTest.RmaAccountingTest" name="endOfLifeTest" time="29.168">
    <system-out>
      <![CDATA[mohammad.hossain@parabit.com <-----> has been put into <-----> [[EdgeDriver: MicrosoftEdge on windows (a953b35f0d94610e72395597175553cb)] -> id: Email]<br>
Parabit@1 <-----> has been put into <-----> [[EdgeDriver: MicrosoftEdge on windows (a953b35f0d94610e72395597175553cb)] -> id: Password]<br>
Proxy element for: DefaultElementLocator 'By.xpath: //button[text()='SIGN IN ']'<--------> has been clicked<br>]]>
    </system-out>
  </testcase> <!-- endOfLifeTest -->
  <system-out>
    <![CDATA[mohammad.hossain@parabit.com <-----> has been put into <-----> [[EdgeDriver: MicrosoftEdge on windows (a953b35f0d94610e72395597175553cb)] -> id: Email]<br>
Parabit@1 <-----> has been put into <-----> [[EdgeDriver: MicrosoftEdge on windows (a953b35f0d94610e72395597175553cb)] -> id: Password]<br>
Proxy element for: DefaultElementLocator 'By.xpath: //button[text()='SIGN IN ']'<--------> has been clicked<br>]]>
  </system-out>
</testsuite> <!-- pagesTest.RmaAccountingTest -->
